  glad.c
  cube.cpp
  glslprogram.cpp
  glutils.cpp
  objmesh.cpp
C:\Users\jeffj\Desktop\code\COMP3015_CW2\COMP3015 CW2\helper\objmesh.cpp(188,41): warning C4267: '+=': conversion from 'size_t' to 'int', possible loss of data
C:\Users\jeffj\Desktop\code\COMP3015_CW2\COMP3015 CW2\helper\objmesh.cpp(194,48): warning C4267: '+=': conversion from 'size_t' to 'int', possible loss of data
C:\Users\jeffj\Desktop\code\COMP3015_CW2\COMP3015 CW2\helper\objmesh.cpp(198,43): warning C4267: '+=': conversion from 'size_t' to 'int', possible loss of data
  plane.cpp
  skybox.cpp
  stb_image.cpp
  teapot.cpp
  texture.cpp
  torus.cpp
  trianglemesh.cpp
  scenebasic_uniform.cpp
C:\Users\jeffj\Desktop\code\COMP3015_CW2\COMP3015 CW2\scenebasic_uniform.cpp(283,46): warning C4267: 'argument': conversion from 'size_t' to 'GLsizei', possible loss of data
  main.cpp
  Generating code
  1328 of 1349 functions (98.4%) were compiled, the rest were copied from previous compilation.
    2 functions were new in current compilation
    2 functions had inline decision re-evaluated but remain unchanged
  Finished generating code
  Project_Template.vcxproj -> C:\Users\jeffj\Desktop\code\COMP3015_CW2\COMP3015 CW2\x64\Release\Project_Template.exe
