c:\users\jeffj\desktop\code\comp3015 cw2\x64\release\vc143.pdb
c:\users\jeffj\desktop\code\comp3015 cw2\x64\release\glad.obj
c:\users\jeffj\desktop\code\comp3015 cw2\x64\release\scenebasic_uniform.obj
c:\users\jeffj\desktop\code\comp3015 cw2\x64\release\trianglemesh.obj
c:\users\jeffj\desktop\code\comp3015 cw2\x64\release\torus.obj
c:\users\jeffj\desktop\code\comp3015 cw2\x64\release\texture.obj
c:\users\jeffj\desktop\code\comp3015 cw2\x64\release\teapot.obj
c:\users\jeffj\desktop\code\comp3015 cw2\x64\release\stb_image.obj
c:\users\jeffj\desktop\code\comp3015 cw2\x64\release\skybox.obj
c:\users\jeffj\desktop\code\comp3015 cw2\x64\release\plane.obj
c:\users\jeffj\desktop\code\comp3015 cw2\x64\release\objmesh.obj
c:\users\jeffj\desktop\code\comp3015 cw2\x64\release\glutils.obj
c:\users\jeffj\desktop\code\comp3015 cw2\x64\release\glslprogram.obj
c:\users\jeffj\desktop\code\comp3015 cw2\x64\release\cube.obj
c:\users\jeffj\desktop\code\comp3015 cw2\x64\release\main.obj
c:\users\jeffj\desktop\code\comp3015 cw2\x64\release\project_template.exe
c:\users\jeffj\desktop\code\comp3015 cw2\x64\release\project_template.pdb
c:\users\jeffj\desktop\code\comp3015 cw2\x64\release\project_template.ipdb
c:\users\jeffj\desktop\code\comp3015 cw2\x64\release\project_template.iobj
c:\users\jeffj\desktop\code\comp3015 cw2\x64\release\project_template.tlog\cl.command.1.tlog
c:\users\jeffj\desktop\code\comp3015 cw2\x64\release\project_template.tlog\cl.items.tlog
c:\users\jeffj\desktop\code\comp3015 cw2\x64\release\project_template.tlog\cl.read.1.tlog
c:\users\jeffj\desktop\code\comp3015 cw2\x64\release\project_template.tlog\cl.write.1.tlog
c:\users\jeffj\desktop\code\comp3015 cw2\x64\release\project_template.tlog\link.command.1.tlog
c:\users\jeffj\desktop\code\comp3015 cw2\x64\release\project_template.tlog\link.read.1.tlog
c:\users\jeffj\desktop\code\comp3015 cw2\x64\release\project_template.tlog\link.write.1.tlog
c:\users\jeffj\desktop\code\comp3015 cw2\x64\release\project_template.tlog\link.write.2u.tlog
